<?xml version="1.0" encoding="UTF-8"?>
<!-- Generated by org.testng.reporters.JUnitReportReporter -->
<testsuite skipped="0" hostname="DESKTOP-T9TFHQ6" name="com.automation.runners.TestRunner" tests="17" failures="0" timestamp="2022-06-08T01:16:22 EET" time="147.346" errors="0">
  <testcase name="runScenario" time="22.281" classname="com.automation.runners.TestRunner"/>
  <system-out/>
  <testcase name="runScenario" time="10.996" classname="com.automation.runners.TestRunner"/>
  <system-out/>
  <testcase name="runScenario" time="7.281" classname="com.automation.runners.TestRunner"/>
  <system-out/>
  <testcase name="runScenario" time="3.922" classname="com.automation.runners.TestRunner"/>
  <system-out/>
  <testcase name="runScenario" time="9.351" classname="com.automation.runners.TestRunner"/>
  <system-out/>
  <testcase name="runScenario" time="3.773" classname="com.automation.runners.TestRunner"/>
  <system-out/>
  <testcase name="runScenario" time="11.140" classname="com.automation.runners.TestRunner"/>
  <system-out/>
  <testcase name="runScenario" time="8.356" classname="com.automation.runners.TestRunner"/>
  <system-out/>
  <testcase name="runScenario" time="7.986" classname="com.automation.runners.TestRunner"/>
  <system-out/>
  <testcase name="runScenario" time="10.946" classname="com.automation.runners.TestRunner"/>
  <system-out/>
  <testcase name="runScenario" time="4.022" classname="com.automation.runners.TestRunner"/>
  <system-out/>
  <testcase name="runScenario" time="8.870" classname="com.automation.runners.TestRunner"/>
  <system-out/>
  <testcase name="runScenario" time="5.069" classname="com.automation.runners.TestRunner"/>
  <system-out/>
  <testcase name="runScenario" time="7.658" classname="com.automation.runners.TestRunner"/>
  <system-out/>
  <testcase name="runScenario" time="10.194" classname="com.automation.runners.TestRunner"/>
  <system-out/>
  <testcase name="runScenario" time="11.362" classname="com.automation.runners.TestRunner"/>
  <system-out/>
  <testcase name="runScenario" time="4.139" classname="com.automation.runners.TestRunner"/>
  <system-out/>
</testsuite> <!-- com.automation.runners.TestRunner -->
