<?xml version="1.0" encoding="UTF-8"?>
<!-- Generated by org.testng.reporters.JUnitReportReporter -->
<testsuite skipped="0" hostname="DESKTOP-T9TFHQ6" name="com.automation.runners.TestRunner" tests="18" failures="0" timestamp="2022-06-08T15:34:28 EET" time="155.051" errors="0">
  <testcase name="runScenario" time="11.414" classname="com.automation.runners.TestRunner"/>
  <system-out/>
  <testcase name="runScenario" time="8.604" classname="com.automation.runners.TestRunner"/>
  <system-out/>
  <testcase name="runScenario" time="7.579" classname="com.automation.runners.TestRunner"/>
  <system-out/>
  <testcase name="runScenario" time="5.313" classname="com.automation.runners.TestRunner"/>
  <system-out/>
  <testcase name="runScenario" time="11.565" classname="com.automation.runners.TestRunner"/>
  <system-out/>
  <testcase name="runScenario" time="5.150" classname="com.automation.runners.TestRunner"/>
  <system-out/>
  <testcase name="runScenario" time="7.422" classname="com.automation.runners.TestRunner"/>
  <system-out/>
  <testcase name="runScenario" time="5.913" classname="com.automation.runners.TestRunner"/>
  <system-out/>
  <testcase name="runScenario" time="10.447" classname="com.automation.runners.TestRunner"/>
  <system-out/>
  <testcase name="runScenario" time="11.542" classname="com.automation.runners.TestRunner"/>
  <system-out/>
  <testcase name="runScenario" time="4.036" classname="com.automation.runners.TestRunner"/>
  <system-out/>
  <testcase name="runScenario" time="6.553" classname="com.automation.runners.TestRunner"/>
  <system-out/>
  <testcase name="runScenario" time="9.316" classname="com.automation.runners.TestRunner"/>
  <system-out/>
  <testcase name="runScenario" time="11.225" classname="com.automation.runners.TestRunner"/>
  <system-out/>
  <testcase name="runScenario" time="22.354" classname="com.automation.runners.TestRunner"/>
  <system-out/>
  <testcase name="runScenario" time="4.310" classname="com.automation.runners.TestRunner"/>
  <system-out/>
  <testcase name="runScenario" time="8.152" classname="com.automation.runners.TestRunner"/>
  <system-out/>
  <testcase name="runScenario" time="4.156" classname="com.automation.runners.TestRunner"/>
  <system-out/>
</testsuite> <!-- com.automation.runners.TestRunner -->
