<?xml version="1.0" encoding="UTF-8"?>
<!-- Generated by org.testng.reporters.JUnitReportReporter -->
<testsuite skipped="0" hostname="DESKTOP-T9TFHQ6" name="com.automation.runners.TestRunner" tests="12" failures="0" timestamp="2022-06-07T13:02:42 EET" time="127.793" errors="0">
  <testcase name="runScenario" time="7.480" classname="com.automation.runners.TestRunner"/>
  <system-out/>
  <testcase name="runScenario" time="9.862" classname="com.automation.runners.TestRunner"/>
  <system-out/>
  <testcase name="runScenario" time="10.280" classname="com.automation.runners.TestRunner"/>
  <system-out/>
  <testcase name="runScenario" time="7.766" classname="com.automation.runners.TestRunner"/>
  <system-out/>
  <testcase name="runScenario" time="11.060" classname="com.automation.runners.TestRunner"/>
  <system-out/>
  <testcase name="runScenario" time="11.061" classname="com.automation.runners.TestRunner"/>
  <system-out/>
  <testcase name="runScenario" time="11.144" classname="com.automation.runners.TestRunner"/>
  <system-out/>
  <testcase name="runScenario" time="22.038" classname="com.automation.runners.TestRunner"/>
  <system-out/>
  <testcase name="runScenario" time="9.213" classname="com.automation.runners.TestRunner"/>
  <system-out/>
  <testcase name="runScenario" time="9.339" classname="com.automation.runners.TestRunner"/>
  <system-out/>
  <testcase name="runScenario" time="11.146" classname="com.automation.runners.TestRunner"/>
  <system-out/>
  <testcase name="runScenario" time="7.404" classname="com.automation.runners.TestRunner"/>
  <system-out/>
</testsuite> <!-- com.automation.runners.TestRunner -->
