<?xml version="1.0" encoding="UTF-8"?>
<!-- Generated by org.testng.reporters.JUnitReportReporter -->
<testsuite skipped="0" hostname="DESKTOP-T9TFHQ6" name="com.automation.runners.TestRunner" tests="12" failures="0" timestamp="2022-06-02T12:36:12 EET" time="126.630" errors="0">
  <testcase name="runScenario" time="7.812" classname="com.automation.runners.TestRunner"/>
  <system-out/>
  <testcase name="runScenario" time="7.900" classname="com.automation.runners.TestRunner"/>
  <system-out/>
  <testcase name="runScenario" time="8.353" classname="com.automation.runners.TestRunner"/>
  <system-out/>
  <testcase name="runScenario" time="7.481" classname="com.automation.runners.TestRunner"/>
  <system-out/>
  <testcase name="runScenario" time="10.443" classname="com.automation.runners.TestRunner"/>
  <system-out/>
  <testcase name="runScenario" time="11.131" classname="com.automation.runners.TestRunner"/>
  <system-out/>
  <testcase name="runScenario" time="10.986" classname="com.automation.runners.TestRunner"/>
  <system-out/>
  <testcase name="runScenario" time="9.203" classname="com.automation.runners.TestRunner"/>
  <system-out/>
  <testcase name="runScenario" time="11.341" classname="com.automation.runners.TestRunner"/>
  <system-out/>
  <testcase name="runScenario" time="22.119" classname="com.automation.runners.TestRunner"/>
  <system-out/>
  <testcase name="runScenario" time="8.616" classname="com.automation.runners.TestRunner"/>
  <system-out/>
  <testcase name="runScenario" time="11.245" classname="com.automation.runners.TestRunner"/>
  <system-out/>
</testsuite> <!-- com.automation.runners.TestRunner -->
