<?xml version="1.0" encoding="UTF-8"?>
<!-- Generated by org.testng.reporters.JUnitReportReporter -->
<testsuite skipped="0" hostname="DESKTOP-T9TFHQ6" name="com.automation.runners.TestRunner" tests="17" failures="0" timestamp="2022-06-08T14:00:28 EET" time="149.486" errors="0">
  <testcase name="runScenario" time="11.684" classname="com.automation.runners.TestRunner"/>
  <system-out/>
  <testcase name="runScenario" time="8.039" classname="com.automation.runners.TestRunner"/>
  <system-out/>
  <testcase name="runScenario" time="5.747" classname="com.automation.runners.TestRunner"/>
  <system-out/>
  <testcase name="runScenario" time="5.426" classname="com.automation.runners.TestRunner"/>
  <system-out/>
  <testcase name="runScenario" time="6.362" classname="com.automation.runners.TestRunner"/>
  <system-out/>
  <testcase name="runScenario" time="7.519" classname="com.automation.runners.TestRunner"/>
  <system-out/>
  <testcase name="runScenario" time="11.450" classname="com.automation.runners.TestRunner"/>
  <system-out/>
  <testcase name="runScenario" time="4.355" classname="com.automation.runners.TestRunner"/>
  <system-out/>
  <testcase name="runScenario" time="22.833" classname="com.automation.runners.TestRunner"/>
  <system-out/>
  <testcase name="runScenario" time="11.180" classname="com.automation.runners.TestRunner"/>
  <system-out/>
  <testcase name="runScenario" time="5.025" classname="com.automation.runners.TestRunner"/>
  <system-out/>
  <testcase name="runScenario" time="7.194" classname="com.automation.runners.TestRunner"/>
  <system-out/>
  <testcase name="runScenario" time="9.182" classname="com.automation.runners.TestRunner"/>
  <system-out/>
  <testcase name="runScenario" time="11.079" classname="com.automation.runners.TestRunner"/>
  <system-out/>
  <testcase name="runScenario" time="10.259" classname="com.automation.runners.TestRunner"/>
  <system-out/>
  <testcase name="runScenario" time="8.292" classname="com.automation.runners.TestRunner"/>
  <system-out/>
  <testcase name="runScenario" time="3.860" classname="com.automation.runners.TestRunner"/>
  <system-out/>
</testsuite> <!-- com.automation.runners.TestRunner -->
